#
# A fatal error has been detected by the Java Runtime Environment:
#
#  EXCEPTION_ACCESS_VIOLATION (0xc0000005) at pc=0x000000006fcfa6a5, pid=5700, tid=3668
#
# JRE version: Java(TM) SE Runtime Environment (8.0_31-b13) (build 1.8.0_31-b13)
# Java VM: Java HotSpot(TM) 64-Bit Server VM (25.31-b07 mixed mode windows-amd64 compressed oops)
# Problematic frame:
# V  [jvm.dll+0x11a6a5]
#
# Failed to write core dump. Minidumps are not enabled by default on client versions of Windows
#
# If you would like to submit a bug report, please visit:
#   http://bugreport.java.com/bugreport/crash.jsp
#

---------------  T H R E A D  ---------------

Current thread (0x000000000a3aa800):  JavaThread "JDWP Transport Listener: dt_socket" daemon [_thread_in_vm, id=3668, stack(0x000000000acb0000,0x000000000adb0000)]

siginfo: ExceptionCode=0xc0000005, reading address 0x00003b7265666675

Registers:
RAX=0x000000000adaf201, RBX=0x000000000a3aa800, RCX=0x00003b7265666675, RDX=0x0000000000000000
RSP=0x000000000adaf1d0, RBP=0x00003b7265666675, RSI=0x000000000adaf2e8, RDI=0x0000000002129a60
R8 =0x000000000a3aa800, R9 =0x0000000000000000, R10=0x0000000000000000, R11=0x0000000000000064
R12=0x0000000000000000, R13=0x000000000a39fca8, R14=0x0000000000000000, R15=0x0000000000000000
RIP=0x000000006fcfa6a5, EFLAGS=0x0000000000010202

Top of Stack: (sp=0x000000000adaf1d0)
0x000000000adaf1d0:   000000000a3aa800 000000000a3aa800
0x000000000adaf1e0:   000000000adaf298 000000006fef7c1b
0x000000000adaf1f0:   000000000a3aa800 000000006ff1447d
0x000000000adaf200:   0000000000000000 0000000070a09149
0x000000000adaf210:   000000000b92c278 0000000070a12912
0x000000000adaf220:   000000000a3aa800 0000000000000000
0x000000000adaf230:   0000000000000000 0000000000000000
0x000000000adaf240:   00003b7265666675 0000000070a11a09
0x000000000adaf250:   000000000adaf2e8 000000000adaf2c0
0x000000000adaf260:   0000000000000001 000000000b92c278
0x000000000adaf270:   00003b7265666675 00000000709f53b3
0x000000000adaf280:   000000000adaf3b0 0000000000000001
0x000000000adaf290:   0000000000000001 000000000b92c278
0x000000000adaf2a0:   00000000f0001002 0000000000000000
0x000000000adaf2b0:   0000000000000000 0000000000000000
0x000000000adaf2c0:   0000000000000001 00000000709f5571 

Instructions: (pc=0x000000006fcfa6a5)
0x000000006fcfa685:   cc cc cc cc cc cc cc cc cc cc cc 48 83 ec 28 48
0x000000006fcfa695:   85 c9 75 07 33 c0 48 83 c4 28 c3 48 89 5c 24 20
0x000000006fcfa6a5:   48 8b 19 48 85 db 74 20 48 83 fb 37 74 1a 48 8b
0x000000006fcfa6b5:   13 48 8b cb ff 52 10 84 c0 74 0d 48 8b c3 48 8b 


Register to memory mapping:

RAX=0x000000000adaf201 is pointing into the stack for thread: 0x000000000a3aa800
RBX=0x000000000a3aa800 is a thread
RCX=0x00003b7265666675 is an unknown value
RDX=0x0000000000000000 is an unknown value
RSP=0x000000000adaf1d0 is pointing into the stack for thread: 0x000000000a3aa800
RBP=0x00003b7265666675 is an unknown value
RSI=0x000000000adaf2e8 is pointing into the stack for thread: 0x000000000a3aa800
RDI=0x0000000002129a60 is an unknown value
R8 =0x000000000a3aa800 is a thread
R9 =0x0000000000000000 is an unknown value
R10=0x0000000000000000 is an unknown value
R11=0x0000000000000064 is an unknown value
R12=0x0000000000000000 is an unknown value
R13=0x000000000a39fca8 is an unknown value
R14=0x0000000000000000 is an unknown value
R15=0x0000000000000000 is an unknown value


Stack: [0x000000000acb0000,0x000000000adb0000],  sp=0x000000000adaf1d0,  free space=1020k
Native frames: (J=compiled Java code, j=interpreted, Vv=VM code, C=native code)
V  [jvm.dll+0x11a6a5]
V  [jvm.dll+0x33447d]
C  [jdwp.dll+0x21a09]
C  [jdwp.dll+0x53b3]
C  [jdwp.dll+0x5571]
C  [jdwp.dll+0xf09c]
C  [jdwp.dll+0x1f2c9]
C  [jdwp.dll+0x1f49e]
V  [jvm.dll+0x1ac128]
V  [jvm.dll+0x22c194]
V  [jvm.dll+0x28576a]
C  [msvcr100.dll+0x21d9f]
C  [msvcr100.dll+0x21e3b]
C  [KERNEL32.DLL+0x18102]
C  [ntdll.dll+0x5c5b4]


---------------  P R O C E S S  ---------------

Java Threads: ( => current thread )
  0x000000000a55f000 JavaThread "ReaderThread" [_thread_in_native, id=4696, stack(0x000000000b5b0000,0x000000000b6b0000)]
  0x000000000a450800 JavaThread "Service Thread" daemon [_thread_blocked, id=748, stack(0x000000000b3b0000,0x000000000b4b0000)]
  0x000000000a3ca000 JavaThread "C1 CompilerThread3" daemon [_thread_blocked, id=7064, stack(0x000000000b2b0000,0x000000000b3b0000)]
  0x000000000a3c9800 JavaThread "C2 CompilerThread2" daemon [_thread_blocked, id=9272, stack(0x000000000b1b0000,0x000000000b2b0000)]
  0x000000000a3c7800 JavaThread "C2 CompilerThread1" daemon [_thread_blocked, id=5388, stack(0x000000000b0b0000,0x000000000b1b0000)]
  0x000000000a3bd000 JavaThread "C2 CompilerThread0" daemon [_thread_blocked, id=10140, stack(0x000000000afb0000,0x000000000b0b0000)]
  0x000000000a3b1800 JavaThread "JDWP Command Reader" daemon [_thread_in_native, id=6852, stack(0x000000000aeb0000,0x000000000afb0000)]
  0x000000000a3ac800 JavaThread "JDWP Event Helper Thread" daemon [_thread_blocked, id=4996, stack(0x000000000adb0000,0x000000000aeb0000)]
=>0x000000000a3aa800 JavaThread "JDWP Transport Listener: dt_socket" daemon [_thread_in_vm, id=3668, stack(0x000000000acb0000,0x000000000adb0000)]
  0x000000000a399000 JavaThread "Attach Listener" daemon [_thread_blocked, id=2100, stack(0x000000000a870000,0x000000000a970000)]
  0x000000000a397800 JavaThread "Signal Dispatcher" daemon [_thread_blocked, id=10912, stack(0x000000000a770000,0x000000000a870000)]
  0x0000000002398800 JavaThread "Finalizer" daemon [_thread_blocked, id=10712, stack(0x000000000a270000,0x000000000a370000)]
  0x000000000838c000 JavaThread "Reference Handler" daemon [_thread_blocked, id=9688, stack(0x000000000a170000,0x000000000a270000)]
  0x000000000212e000 JavaThread "main" [_thread_blocked, id=2948, stack(0x0000000002130000,0x0000000002230000)]

Other Threads:
  0x0000000008388000 VMThread [stack: 0x000000000a070000,0x000000000a170000] [id=9276]
  0x000000000a452000 WatcherThread [stack: 0x000000000b4b0000,0x000000000b5b0000] [id=1376]

VM state:not at safepoint (normal execution)

VM Mutex/Monitor currently owned by a thread: None

Heap:
 PSYoungGen      total 38400K, used 14688K [0x00000000d5a00000, 0x00000000d8480000, 0x0000000100000000)
  eden space 33280K, 44% used [0x00000000d5a00000,0x00000000d68581a0,0x00000000d7a80000)
  from space 5120K, 0% used [0x00000000d7f80000,0x00000000d7f80000,0x00000000d8480000)
  to   space 5120K, 0% used [0x00000000d7a80000,0x00000000d7a80000,0x00000000d7f80000)
 ParOldGen       total 87552K, used 0K [0x0000000080e00000, 0x0000000086380000, 0x00000000d5a00000)
  object space 87552K, 0% used [0x0000000080e00000,0x0000000080e00000,0x0000000086380000)
 Metaspace       used 6867K, capacity 6994K, committed 7040K, reserved 1056768K
  class space    used 835K, capacity 890K, committed 896K, reserved 1048576K

Card table byte_map: [0x0000000002760000,0x0000000002b60000] byte_map_base: 0x0000000002359000

Marking Bits: (ParMarkBitMap*) 0x00000000703bd4f0
 Begin Bits: [0x0000000003610000, 0x00000000055d8000)
 End Bits:   [0x00000000055d8000, 0x00000000075a0000)

Polling page: 0x0000000000550000

CodeCache: size=245760Kb used=2493Kb max_used=2493Kb free=243266Kb
 bounds [0x000000000f010000, 0x000000000f290000, 0x000000001e010000]
 total_blobs=843 nmethods=555 adapters=210
 compilation: enabled

Compilation events (10 events):
Event: 0.665 Thread 0x000000000a3ca000  550       3       java.net.URLClassLoader::isSealed (72 bytes)
Event: 0.666 Thread 0x000000000a3ca000 nmethod 550 0x000000000f27bb90 code [0x000000000f27bda0, 0x000000000f27c9b8]
Event: 0.666 Thread 0x000000000a3ca000  551       3       sun.net.www.protocol.file.Handler::hostsEqual (69 bytes)
Event: 0.666 Thread 0x000000000a3ca000 nmethod 551 0x000000000f27cf50 code [0x000000000f27d100, 0x000000000f27d868]
Event: 0.666 Thread 0x000000000a3ca000  552       3       java.net.URLStreamHandler::hostsEqual (75 bytes)
Event: 0.667 Thread 0x000000000a3ca000 nmethod 552 0x000000000f27da10 code [0x000000000f27dbc0, 0x000000000f27e558]
Event: 0.667 Thread 0x000000000a3ca000  553       3       java.security.CodeSource::matchCerts (254 bytes)
Event: 0.667 Thread 0x000000000a3ca000 nmethod 553 0x000000000f27e750 code [0x000000000f27e960, 0x000000000f27f4d8]
Event: 0.670 Thread 0x000000000a3ca000  555       3       java.lang.Class::reflectionData (49 bytes)
Event: 0.671 Thread 0x000000000a3ca000 nmethod 555 0x000000000f27fe50 code [0x000000000f27ffe0, 0x000000000f280508]

GC Heap History (0 events):
No events

Deoptimization events (0 events):
No events

Internal exceptions (10 events):
Event: 0.663 Thread 0x000000000212e000 Exception <a 'java/security/PrivilegedActionException'> (0x00000000d678a8c0) thrown at [C:\workspace\8-2-build-windows-amd64-cygwin\jdk8u31\2394\hotspot\src\share\vm\prims\jvm.cpp, line 1312]
Event: 0.664 Thread 0x000000000212e000 Exception <a 'java/security/PrivilegedActionException'> (0x00000000d678e2b8) thrown at [C:\workspace\8-2-build-windows-amd64-cygwin\jdk8u31\2394\hotspot\src\share\vm\prims\jvm.cpp, line 1312]
Event: 0.664 Thread 0x000000000212e000 Exception <a 'java/security/PrivilegedActionException'> (0x00000000d67930b8) thrown at [C:\workspace\8-2-build-windows-amd64-cygwin\jdk8u31\2394\hotspot\src\share\vm\prims\jvm.cpp, line 1312]
Event: 0.665 Thread 0x000000000212e000 Exception <a 'java/security/PrivilegedActionException'> (0x00000000d679a9e8) thrown at [C:\workspace\8-2-build-windows-amd64-cygwin\jdk8u31\2394\hotspot\src\share\vm\prims\jvm.cpp, line 1312]
Event: 0.666 Thread 0x000000000212e000 Exception <a 'java/security/PrivilegedActionException'> (0x00000000d679e950) thrown at [C:\workspace\8-2-build-windows-amd64-cygwin\jdk8u31\2394\hotspot\src\share\vm\prims\jvm.cpp, line 1312]
Event: 0.666 Thread 0x000000000212e000 Exception <a 'java/security/PrivilegedActionException'> (0x00000000d67a56e8) thrown at [C:\workspace\8-2-build-windows-amd64-cygwin\jdk8u31\2394\hotspot\src\share\vm\prims\jvm.cpp, line 1312]
Event: 0.667 Thread 0x000000000212e000 Exception <a 'java/security/PrivilegedActionException'> (0x00000000d67aa788) thrown at [C:\workspace\8-2-build-windows-amd64-cygwin\jdk8u31\2394\hotspot\src\share\vm\prims\jvm.cpp, line 1312]
Event: 0.667 Thread 0x000000000212e000 Exception <a 'java/security/PrivilegedActionException'> (0x00000000d67af148) thrown at [C:\workspace\8-2-build-windows-amd64-cygwin\jdk8u31\2394\hotspot\src\share\vm\prims\jvm.cpp, line 1312]
Event: 0.669 Thread 0x000000000212e000 Exception <a 'java/security/PrivilegedActionException'> (0x00000000d67b3248) thrown at [C:\workspace\8-2-build-windows-amd64-cygwin\jdk8u31\2394\hotspot\src\share\vm\prims\jvm.cpp, line 1312]
Event: 0.670 Thread 0x000000000212e000 Exception <a 'java/security/PrivilegedActionException'> (0x00000000d67b8978) thrown at [C:\workspace\8-2-build-windows-amd64-cygwin\jdk8u31\2394\hotspot\src\share\vm\prims\jvm.cpp, line 1312]

Events (10 events):
Event: 16.414 Executing VM operation: RedefineClasses
Event: 16.418 Executing VM operation: RedefineClasses done
Event: 16.419 Executing VM operation: EnterInterpOnlyMode
Event: 16.419 Executing VM operation: EnterInterpOnlyMode done
Event: 16.419 Executing VM operation: GetCurrentLocation
Event: 16.419 Executing VM operation: GetCurrentLocation done
Event: 16.419 Executing VM operation: ChangeSingleStep
Event: 16.419 Executing VM operation: ChangeSingleStep done
Event: 16.419 Executing VM operation: ChangeSingleStep
Event: 16.419 Executing VM operation: ChangeSingleStep done


Dynamic libraries:
0x00007ff63e830000 - 0x00007ff63e864000 	C:\Program Files\Java\jre1.8.0_31\bin\javaw.exe
0x00007ffb0b8f0000 - 0x00007ffb0bab1000 	C:\WINDOWS\SYSTEM32\ntdll.dll
0x00007ffb0a250000 - 0x00007ffb0a2fd000 	C:\WINDOWS\system32\KERNEL32.DLL
0x00007ffb08120000 - 0x00007ffb08308000 	C:\WINDOWS\system32\KERNELBASE.dll
0x00007ffb0b590000 - 0x00007ffb0b637000 	C:\WINDOWS\system32\ADVAPI32.dll
0x00007ffb0b340000 - 0x00007ffb0b3dd000 	C:\WINDOWS\system32\msvcrt.dll
0x00007ffb0ad70000 - 0x00007ffb0adcb000 	C:\WINDOWS\system32\sechost.dll
0x00007ffb0a4b0000 - 0x00007ffb0a5cc000 	C:\WINDOWS\system32\RPCRT4.dll
0x00007ffb0ae50000 - 0x00007ffb0afa6000 	C:\WINDOWS\system32\USER32.dll
0x00007ffb0abe0000 - 0x00007ffb0ad66000 	C:\WINDOWS\system32\GDI32.dll
0x00007ffb03b00000 - 0x00007ffb03d74000 	C:\WINDOWS\WinSxS\amd64_microsoft.windows.common-controls_6595b64144ccf1df_6.0.10586.0_none_8c15ae12515e1c22\COMCTL32.dll
0x00007ffb0b010000 - 0x00007ffb0b28d000 	C:\WINDOWS\system32\combase.dll
0x00007ffb07fa0000 - 0x00007ffb0800a000 	C:\WINDOWS\system32\bcryptPrimitives.dll
0x00007ffb0b3e0000 - 0x00007ffb0b41b000 	C:\WINDOWS\system32\IMM32.DLL
0x00007ffb07e00000 - 0x00007ffb07e31000 	C:\Windows\system32\nvinitx.dll
0x00007ffb07df0000 - 0x00007ffb07dfa000 	C:\WINDOWS\SYSTEM32\VERSION.dll
0x000000000f000000 - 0x000000000f006000 	C:\Program Files\NVIDIA Corporation\CoProcManager\_etoured.dll
0x00007ffb05650000 - 0x00007ffb05682000 	C:\Program Files\NVIDIA Corporation\CoProcManager\nvd3d9wrapx.dll
0x00007ffb0a7b0000 - 0x00007ffb0abd9000 	C:\WINDOWS\system32\SETUPAPI.dll
0x00007ffb083a0000 - 0x00007ffb083e3000 	C:\WINDOWS\system32\CFGMGR32.dll
0x00007ffb05620000 - 0x00007ffb05642000 	C:\Program Files\NVIDIA Corporation\CoProcManager\nvdxgiwrapx.dll
0x0000000070b10000 - 0x0000000070be2000 	C:\Program Files\Java\jre1.8.0_31\bin\msvcr100.dll
0x000000006fbe0000 - 0x000000007043a000 	C:\Program Files\Java\jre1.8.0_31\bin\server\jvm.dll
0x00007ffb0b790000 - 0x00007ffb0b798000 	C:\WINDOWS\system32\PSAPI.DLL
0x00007ffb065f0000 - 0x00007ffb06613000 	C:\WINDOWS\SYSTEM32\WINMM.dll
0x00007ffb06040000 - 0x00007ffb06049000 	C:\WINDOWS\SYSTEM32\WSOCK32.dll
0x00007ffb0b880000 - 0x00007ffb0b8eb000 	C:\WINDOWS\system32\WS2_32.dll
0x00007ffb06590000 - 0x00007ffb065bc000 	C:\WINDOWS\SYSTEM32\WINMMBASE.dll
0x0000000070b00000 - 0x0000000070b0f000 	C:\Program Files\Java\jre1.8.0_31\bin\verify.dll
0x0000000070ad0000 - 0x0000000070af8000 	C:\Program Files\Java\jre1.8.0_31\bin\java.dll
0x00000000709f0000 - 0x0000000070a25000 	C:\Program Files\Java\jre1.8.0_31\bin\jdwp.dll
0x00000000709e0000 - 0x00000000709e8000 	C:\Program Files\Java\jre1.8.0_31\bin\npt.dll
0x0000000070ab0000 - 0x0000000070ac6000 	C:\Program Files\Java\jre1.8.0_31\bin\zip.dll
0x00007ffb08cf0000 - 0x00007ffb0a24c000 	C:\WINDOWS\system32\SHELL32.dll
0x00007ffb083f0000 - 0x00007ffb08a35000 	C:\WINDOWS\system32\windows.storage.dll
0x00007ffb0b820000 - 0x00007ffb0b872000 	C:\WINDOWS\system32\shlwapi.dll
0x00007ffb07f70000 - 0x00007ffb07f7f000 	C:\WINDOWS\system32\kernel.appcore.dll
0x00007ffb08a60000 - 0x00007ffb08b15000 	C:\WINDOWS\system32\shcore.dll
0x00007ffb07f10000 - 0x00007ffb07f5b000 	C:\WINDOWS\system32\powrprof.dll
0x00007ffb07f80000 - 0x00007ffb07f94000 	C:\WINDOWS\system32\profapi.dll
0x00000000709d0000 - 0x00000000709d9000 	C:\Program Files\Java\jre1.8.0_31\bin\dt_socket.dll
0x00007ffaf77a0000 - 0x00007ffaf77b6000 	C:\WINDOWS\system32\napinsp.dll
0x00007ffaf97f0000 - 0x00007ffaf980a000 	C:\WINDOWS\system32\pnrpnsp.dll
0x00007ffb05980000 - 0x00007ffb05998000 	C:\WINDOWS\system32\NLAapi.dll
0x00007ffb07790000 - 0x00007ffb077ec000 	C:\WINDOWS\System32\mswsock.dll
0x00007ffb06840000 - 0x00007ffb068ea000 	C:\WINDOWS\SYSTEM32\DNSAPI.dll
0x00007ffb0b420000 - 0x00007ffb0b428000 	C:\WINDOWS\system32\NSI.dll
0x00007ffafb2c0000 - 0x00007ffafb2cd000 	C:\WINDOWS\System32\winrnr.dll
0x00007ffaefa90000 - 0x00007ffaefaa5000 	C:\WINDOWS\System32\wshbth.dll
0x00007ffb02a90000 - 0x00007ffb02af7000 	C:\WINDOWS\System32\fwpuclnt.dll
0x00007ffb07e40000 - 0x00007ffb07e69000 	C:\WINDOWS\SYSTEM32\bcrypt.dll
0x00007ffafde20000 - 0x00007ffafde2a000 	C:\Windows\System32\rasadhlp.dll
0x0000000070a90000 - 0x0000000070aaa000 	C:\Program Files\Java\jre1.8.0_31\bin\net.dll
0x00007ffb03110000 - 0x00007ffb0329c000 	C:\WINDOWS\SYSTEM32\dbghelp.dll

VM Arguments:
jvm_args: -agentlib:jdwp=transport=dt_socket,suspend=y,address=localhost:30599 -Dfile.encoding=UTF-8 
java_command: org.eclipse.jdt.internal.junit.runner.RemoteTestRunner -version 3 -port 30598 -testLoaderClass org.eclipse.jdt.internal.junit4.runner.JUnit4TestLoader -loaderpluginname org.eclipse.jdt.junit4.runtime -classNames com.mycompany.put.raceresults.RaceResultsServiceTest
java_class_path (initial): E:\dev\workspace\put\target\test-classes;E:\dev\workspace\put\target\classes;C:\Users\Pavlo\.m2\repository\commons-codec\commons-codec\1.10\commons-codec-1.10.jar;C:\Users\Pavlo\.m2\repository\org\mockito\mockito-all\2.0.2-beta\mockito-all-2.0.2-beta.jar;C:\Users\Pavlo\.m2\repository\junit\junit\4.12\junit-4.12.jar;C:\Users\Pavlo\.m2\repository\org\hamcrest\hamcrest-core\1.3\hamcrest-core-1.3.jar;C:\Users\Pavlo\.m2\repository\pl\pragmatists\JUnitParams\1.0.4\JUnitParams-1.0.4.jar;/E:/dev/eclipse/java-mars/eclipse/configuration/org.eclipse.osgi/216/0/.cp/;/E:/dev/eclipse/java-mars/eclipse/configuration/org.eclipse.osgi/215/0/.cp/
Launcher Type: SUN_STANDARD

Environment Variables:
JAVA_HOME=C:\PROGRA~1\Java\JDK18~1.0_0
CLASSPATH=E:\projects\lets_play_tdd\src
PATH=C:\Program Files (x86)\NVIDIA Corporation\PhysX\Common;C:\ProgramData\Oracle\Java\javapath;C:\WINDOWS\system32;C:\WINDOWS;C:\WINDOWS\System32\Wbem;C:\WINDOWS\System32\WindowsPowerShell\v1.0\;C:\apache-maven-3.2.1\bin;C:\TortoiseSVN\bin;C:\PROGRA~1\Java\JDK18~1.0_0\bin;C:\Program Files\Microsoft\Web Platform Installer\;C:\Program Files\Microsoft SQL Server\110\Tools\Binn\;C:\Program Files (x86)\Microsoft SQL Server\Client SDK\ODBC\110\Tools\Binn\;C:\Program Files (x86)\Microsoft SQL Server\120\Tools\Binn\ManagementStudio\;C:\Program Files (x86)\Microsoft SQL Server\120\Tools\Binn\;C:\Program Files (x86)\Microsoft SQL Server\120\DTS\Binn\;E:\Program Files\MATLAB\R2010b\runtime\win64;E:\Program Files\MATLAB\R2010b\bin;E:\Program Files (x86)\Rational\common;C:\Git\bin;C:\Program Files (x86)\Skype\Phone\;C:\Program Files (x86)\scala\bin;E:\programfiles\TDM-GCC-32\bin;
USERNAME=Pavlo
OS=Windows_NT
PROCESSOR_IDENTIFIER=Intel64 Family 6 Model 42 Stepping 7, GenuineIntel



---------------  S Y S T E M  ---------------

OS: Windows 8.1 , 64 bit Build 9600 

CPU:total 8 (4 cores per cpu, 2 threads per core) family 6 model 42 stepping 7, cmov, cx8, fxsr, mmx, sse, sse2, sse3, ssse3, sse4.1, sse4.2, popcnt, avx, aes, clmul, ht, tsc, tscinvbit

Memory: 4k page, physical 8331116k(4490700k free), swap 9641836k(4568600k free)

vm_info: Java HotSpot(TM) 64-Bit Server VM (25.31-b07) for windows-amd64 JRE (1.8.0_31-b13), built on Dec 17 2014 21:00:28 by "java_re" with MS VC++ 10.0 (VS2010)

time: Tue Mar 29 05:27:56 2016
elapsed time: 16 seconds (0d 0h 0m 16s)

